\BOOKMARK [0][-]{chapter.1}{Einleitung}{}% 1
\BOOKMARK [0][-]{chapter.2}{Stand der Forschung}{}% 2
\BOOKMARK [0][-]{chapter.3}{Herangehensweise}{}% 3
\BOOKMARK [1][-]{section.3.1}{Konzeptwahl des Spiels}{chapter.3}% 4
\BOOKMARK [2][-]{subsection.3.1.1}{Erste Idee Math Smashers}{section.3.1}% 5
\BOOKMARK [2][-]{subsection.3.1.2}{Weitere Ideenfindung}{section.3.1}% 6
\BOOKMARK [1][-]{section.3.2}{Wahl des Spielkonzepts und Entwicklung des Spiels}{chapter.3}% 7
\BOOKMARK [2][-]{subsection.3.2.1}{Verschiedene Spielversionen}{section.3.2}% 8
\BOOKMARK [1][-]{section.3.3}{Aufbau und Funktionsweise des Spiels}{chapter.3}% 9
\BOOKMARK [2][-]{subsection.3.3.1}{Aufbau des Spiels}{section.3.3}% 10
\BOOKMARK [2][-]{subsection.3.3.2}{Funktionsweise des Spiels}{section.3.3}% 11
\BOOKMARK [0][-]{chapter.4}{Evaluation}{}% 12
\BOOKMARK [1][-]{section.4.1}{Game Experience Questionnaire}{chapter.4}% 13
\BOOKMARK [2][-]{subsection.4.1.1}{Core questionaire}{section.4.1}% 14
\BOOKMARK [2][-]{subsection.4.1.2}{Social Presence Module}{section.4.1}% 15
\BOOKMARK [2][-]{subsection.4.1.3}{Post-Game Module}{section.4.1}% 16
\BOOKMARK [1][-]{section.4.2}{Umsetzung des KidsGEQ}{chapter.4}% 17
\BOOKMARK [1][-]{section.4.3}{Durchf\374hrung des Nutzertests}{chapter.4}% 18
\BOOKMARK [0][-]{chapter.5}{Results}{}% 19
\BOOKMARK [1][-]{section.5.1}{Challenge}{chapter.5}% 20
\BOOKMARK [1][-]{section.5.2}{Competence}{chapter.5}% 21
\BOOKMARK [1][-]{section.5.3}{Flow}{chapter.5}% 22
\BOOKMARK [1][-]{section.5.4}{Immersion}{chapter.5}% 23
\BOOKMARK [1][-]{section.5.5}{Negative Effect}{chapter.5}% 24
\BOOKMARK [1][-]{section.5.6}{Positive Effect}{chapter.5}% 25
\BOOKMARK [1][-]{section.5.7}{Tension}{chapter.5}% 26
\BOOKMARK [0][-]{chapter.6}{Diskussion}{}% 27
