Using pre-set license
Built from '2022.3/staging' branch; Version is '2022.3.4f1 (35713cd46cd7) revision 3502396'; Using compiler version '192829333'; Build Type 'Release'
OS: 'Windows 11  (10.0.22631) 64bit Professional' Language: 'de' Physical Memory: 32541 MB
BatchMode: 1, IsHumanControllingUs: 0, StartBugReporterOnCrash: 0, Is64bit: 1, IsPro: 1

COMMAND LINE ARGUMENTS:
C:\Program Files\Unity\Hub\Editor\2022.3.4f1\Editor\Unity.exe
-adb2
-batchMode
-noUpm
-name
AssetImportWorker0
-projectPath
C:/MARPIE/Unity-Projekte/AndroidMathSnake/AndroidMathSnake
-logFile
Logs/AssetImportWorker0.log
-srvPort
49794
Successfully changed project path to: C:/MARPIE/Unity-Projekte/AndroidMathSnake/AndroidMathSnake
C:/MARPIE/Unity-Projekte/AndroidMathSnake/AndroidMathSnake
[UnityMemory] Configuration Parameters - Can be set up in boot.config
    "memorysetup-bucket-allocator-granularity=16"
    "memorysetup-bucket-allocator-bucket-count=8"
    "memorysetup-bucket-allocator-block-size=33554432"
    "memorysetup-bucket-allocator-block-count=8"
    "memorysetup-main-allocator-block-size=16777216"
    "memorysetup-thread-allocator-block-size=16777216"
    "memorysetup-gfx-main-allocator-block-size=16777216"
    "memorysetup-gfx-thread-allocator-block-size=16777216"
    "memorysetup-cache-allocator-block-size=4194304"
    "memorysetup-typetree-allocator-block-size=2097152"
    "memorysetup-profiler-bucket-allocator-granularity=16"
    "memorysetup-profiler-bucket-allocator-bucket-count=8"
    "memorysetup-profiler-bucket-allocator-block-size=33554432"
    "memorysetup-profiler-bucket-allocator-block-count=8"
    "memorysetup-profiler-allocator-block-size=16777216"
    "memorysetup-profiler-editor-allocator-block-size=1048576"
    "memorysetup-temp-allocator-size-main=16777216"
    "memorysetup-job-temp-allocator-block-size=2097152"
    "memorysetup-job-temp-allocator-block-size-background=1048576"
    "memorysetup-job-temp-allocator-reduction-small-platforms=262144"
    "memorysetup-allocator-temp-initial-block-size-main=262144"
    "memorysetup-allocator-temp-initial-block-size-worker=262144"
    "memorysetup-temp-allocator-size-background-worker=32768"
    "memorysetup-temp-allocator-size-job-worker=262144"
    "memorysetup-temp-allocator-size-preload-manager=33554432"
    "memorysetup-temp-allocator-size-nav-mesh-worker=65536"
    "memorysetup-temp-allocator-size-audio-worker=65536"
    "memorysetup-temp-allocator-size-cloud-worker=32768"
    "memorysetup-temp-allocator-size-gi-baking-worker=262144"
    "memorysetup-temp-allocator-size-gfx=262144"
Player connection [30216] Host "[IP] 192.168.2.107 [Port] 0 [Flags] 2 [Guid] 4255057140 [EditorId] 4255057140 [Version] 1048832 [Id] WindowsEditor(7,Der-Rechner-v2) [Debug] 1 [PackageName] WindowsEditor [ProjectName] Editor" joined multi-casting on [225.0.0.222:54997]...

Player connection [30216] Host "[IP] 192.168.2.107 [Port] 0 [Flags] 2 [Guid] 4255057140 [EditorId] 4255057140 [Version] 1048832 [Id] WindowsEditor(7,Der-Rechner-v2) [Debug] 1 [PackageName] WindowsEditor [ProjectName] Editor" joined alternative multi-casting on [225.0.0.222:34997]...

Refreshing native plugins compatible for Editor in 8.15 ms, found 2 plugins.
Preloading 0 native plugins for Editor in 0.00 ms.
Initialize engine version: 2022.3.4f1 (35713cd46cd7)
[Subsystems] Discovering subsystems at path C:/Program Files/Unity/Hub/Editor/2022.3.4f1/Editor/Data/Resources/UnitySubsystems
[Subsystems] Discovering subsystems at path C:/MARPIE/Unity-Projekte/AndroidMathSnake/AndroidMathSnake/Assets
GfxDevice: creating device client; threaded=0; jobified=0
Direct3D:
    Version:  Direct3D 11.0 [level 11.1]
    Renderer: NVIDIA GeForce RTX 3080 (ID=0x2206)
    Vendor:   NVIDIA
    VRAM:     10067 MB
    Driver:   31.0.15.2756
Initialize mono
Mono path[0] = 'C:/Program Files/Unity/Hub/Editor/2022.3.4f1/Editor/Data/Managed'
Mono path[1] = 'C:/Program Files/Unity/Hub/Editor/2022.3.4f1/Editor/Data/MonoBleedingEdge/lib/mono/unityjit-win32'
Mono config path = 'C:/Program Files/Unity/Hub/Editor/2022.3.4f1/Editor/Data/MonoBleedingEdge/etc'
Using monoOptions --debugger-agent=transport=dt_socket,embedding=1,server=y,suspend=n,address=127.0.0.1:56744
Begin MonoManager ReloadAssembly
Registering precompiled unity dll's ...
Register platform support module: C:/Program Files/Unity/Hub/Editor/2022.3.4f1/Editor/Data/PlaybackEngines/WebGLSupport/UnityEditor.WebGL.Extensions.dll
Register platform support module: C:/Program Files/Unity/Hub/Editor/2022.3.4f1/Editor/Data/PlaybackEngines/AndroidPlayer/UnityEditor.Android.Extensions.dll
Register platform support module: C:/Program Files/Unity/Hub/Editor/2022.3.4f1/Editor/Data/PlaybackEngines/WindowsStandaloneSupport/UnityEditor.WindowsStandalone.Extensions.dll
Register platform support module: C:/Program Files/Unity/Hub/Editor/2022.3.4f1/Editor/Data/PlaybackEngines/MetroSupport/UnityEditor.UWP.Extensions.dll
Registered in 0.005320 seconds.
- Loaded All Assemblies, in  0.206 seconds
Native extension for UWP target not found
Native extension for WindowsStandalone target not found
Native extension for Android target not found
Android Extension - Scanning For ADB Devices 189 ms
Native extension for WebGL target not found
Mono: successfully reloaded assembly
- Finished resetting the current domain, in  0.393 seconds
Domain Reload Profiling: 598ms
	BeginReloadAssembly (51ms)
		ExecutionOrderSort (0ms)
		DisableScriptedObjects (0ms)
		BackupInstance (0ms)
		ReleaseScriptingObjects (0ms)
		CreateAndSetChildDomain (0ms)
	RebuildCommonClasses (19ms)
	RebuildNativeTypeToScriptingClass (6ms)
	initialDomainReloadingComplete (35ms)
	LoadAllAssembliesAndSetupDomain (93ms)
		LoadAssemblies (51ms)
		RebuildTransferFunctionScriptingTraits (0ms)
		AnalyzeDomain (89ms)
			TypeCache.Refresh (88ms)
				TypeCache.ScanAssembly (81ms)
			ScanForSourceGeneratedMonoScriptInfo (0ms)
			ResolveRequiredComponents (0ms)
	FinalizeReload (394ms)
		ReleaseScriptCaches (0ms)
		RebuildScriptCaches (0ms)
		SetupLoadedEditorAssemblies (358ms)
			LogAssemblyErrors (0ms)
			InitializePlatformSupportModulesInManaged (266ms)
			SetLoadedEditorAssemblies (3ms)
			RefreshPlugins (0ms)
			BeforeProcessingInitializeOnLoad (1ms)
			ProcessInitializeOnLoadAttributes (58ms)
			ProcessInitializeOnLoadMethodAttributes (30ms)
			AfterProcessingInitializeOnLoad (0ms)
			EditorAssembliesLoaded (0ms)
		ExecutionOrderSort2 (0ms)
		AwakeInstancesAfterBackupRestoration (0ms)
========================================================================
Worker process is ready to serve import requests
Begin MonoManager ReloadAssembly
Symbol file LoadedFromMemory is not a mono symbol file
- Loaded All Assemblies, in  0.542 seconds
Refreshing native plugins compatible for Editor in 5.53 ms, found 2 plugins.
Native extension for UWP target not found
Native extension for WindowsStandalone target not found
Native extension for Android target not found
Native extension for WebGL target not found
Mono: successfully reloaded assembly
- Finished resetting the current domain, in  0.551 seconds
Domain Reload Profiling: 1092ms
	BeginReloadAssembly (77ms)
		ExecutionOrderSort (0ms)
		DisableScriptedObjects (3ms)
		BackupInstance (0ms)
		ReleaseScriptingObjects (0ms)
		CreateAndSetChildDomain (14ms)
	RebuildCommonClasses (19ms)
	RebuildNativeTypeToScriptingClass (6ms)
	initialDomainReloadingComplete (24ms)
	LoadAllAssembliesAndSetupDomain (415ms)
		LoadAssemblies (240ms)
		RebuildTransferFunctionScriptingTraits (0ms)
		AnalyzeDomain (208ms)
			TypeCache.Refresh (185ms)
				TypeCache.ScanAssembly (174ms)
			ScanForSourceGeneratedMonoScriptInfo (19ms)
			ResolveRequiredComponents (4ms)
	FinalizeReload (552ms)
		ReleaseScriptCaches (0ms)
		RebuildScriptCaches (0ms)
		SetupLoadedEditorAssemblies (420ms)
			LogAssemblyErrors (0ms)
			InitializePlatformSupportModulesInManaged (19ms)
			SetLoadedEditorAssemblies (3ms)
			RefreshPlugins (0ms)
			BeforeProcessingInitializeOnLoad (79ms)
			ProcessInitializeOnLoadAttributes (193ms)
			ProcessInitializeOnLoadMethodAttributes (122ms)
			AfterProcessingInitializeOnLoad (4ms)
			EditorAssembliesLoaded (0ms)
		ExecutionOrderSort2 (0ms)
		AwakeInstancesAfterBackupRestoration (6ms)
Launched and connected shader compiler UnityShaderCompiler.exe after 0.03 seconds
Refreshing native plugins compatible for Editor in 4.25 ms, found 2 plugins.
Preloading 0 native plugins for Editor in 0.00 ms.
Unloading 4421 Unused Serialized files (Serialized files now loaded: 0)
Unloading 99 unused Assets / (1.9 MB). Loaded Objects now: 4860.
Memory consumption went from 179.7 MB to 177.8 MB.
Total: 4.928200 ms (FindLiveObjects: 0.196700 ms CreateObjectMapping: 0.103000 ms MarkObjects: 4.329200 ms  DeleteObjects: 0.298500 ms)

AssetImportParameters requested are different than current active one (requested -> active):
  custom:container-demuxer-ogg: 62fdf1f143b41e24485cea50d1cbac27 -> 
  custom:video-codec-MediaFoundation-h265: 746d11721c4dcdbdad8f713fa42b33f4 -> 
  custom:video-decoder-ogg-theora: a1e56fd34408186e4bbccfd4996cb3dc -> 
  custom:framework-win-MediaFoundation: 216162199b28c13a410421893ffa2e32 -> 
  custom:CustomObjectIndexerAttribute: 756ad292c208cfabdd7b50bc23989ffe -> 
  custom:container-demuxer-webm: 4f35f7cbe854078d1ac9338744f61a02 -> 
  custom:container-muxer-webm: aa71ff27fc2769a1b78a27578f13a17b -> 
  custom:video-decoder-webm-vp8: 9c59270c3fd7afecdb556c50c9e8de78 -> 
  custom:AudioImporter_EditorPlatform: d09bf68614088b80899f8185d706f6e7 -> 
  custom:video-encoder-webm-vp8: eb34c28f22e8b96e1ab97ce403110664 -> 
  custom:audio-decoder-ogg-vorbis: bf7c407c2cedff20999df2af8eb42d56 -> 
  custom:audio-encoder-webm-vorbis: bf7c407c2cedff20999df2af8eb42d56 -> 
========================================================================
Received Import Request.
  Time since last request: 14672.931747 seconds.
  path: Assets/MathSnake/Player/Snake.prefab
  artifactKey: Guid(a0209286e31f6304482953eacf4b9646) Importer(815301076,1909f56bfc062723c751e8b465ee728b)
Start importing Assets/MathSnake/Player/Snake.prefab using Guid(a0209286e31f6304482953eacf4b9646) Importer(815301076,1909f56bfc062723c751e8b465ee728b)  -> (artifact id: 'c9efe7841f5b0d58b553c4e7cc3be0c4') in 0.068649 seconds
Internal: There are remaining Allocations on the JobTempAlloc. This is a leak, and will impact performance
To Debug, run app with -diag-job-temp-memory-leak-validation cmd line argument. This will output the callstacks of the leaked allocations.
Number of updated asset objects reloaded before import = 0
Number of asset objects unloaded after import = 42
========================================================================
Received Import Request.
  Time since last request: 2052.004544 seconds.
  path: Assets/ThirdParty/Cube_World/Prefabs
  artifactKey: Guid(a725bf64e97e05b4ab2c43dc1f29e831) Importer(815301076,1909f56bfc062723c751e8b465ee728b)
Start importing Assets/ThirdParty/Cube_World/Prefabs using Guid(a725bf64e97e05b4ab2c43dc1f29e831) Importer(815301076,1909f56bfc062723c751e8b465ee728b)  -> (artifact id: 'b0353effbe776f444d4d9bd1980cc8dc') in 0.000670 seconds
Internal: There are remaining Allocations on the JobTempAlloc. This is a leak, and will impact performance
To Debug, run app with -diag-job-temp-memory-leak-validation cmd line argument. This will output the callstacks of the leaked allocations.
Number of updated asset objects reloaded before import = 0
Number of asset objects unloaded after import = 0
========================================================================
Received Import Request.
  Time since last request: 1.738554 seconds.
  path: Assets/ThirdParty/Cube_World/Prefabs/Terrain
  artifactKey: Guid(596eff7ef34c44e46a08e168702ee67d) Importer(815301076,1909f56bfc062723c751e8b465ee728b)
Start importing Assets/ThirdParty/Cube_World/Prefabs/Terrain using Guid(596eff7ef34c44e46a08e168702ee67d) Importer(815301076,1909f56bfc062723c751e8b465ee728b)  -> (artifact id: '9f61167eef3a85fc49d1f6251b3e7b0b') in 0.000379 seconds
Internal: There are remaining Allocations on the JobTempAlloc. This is a leak, and will impact performance
To Debug, run app with -diag-job-temp-memory-leak-validation cmd line argument. This will output the callstacks of the leaked allocations.
Number of updated asset objects reloaded before import = 0
Number of asset objects unloaded after import = 0
========================================================================
Received Import Request.
  Time since last request: 3.102964 seconds.
  path: Assets/ThirdParty/Cube_World/Prefabs/Terrain/Bridge.prefab
  artifactKey: Guid(1cabe50e01a5ba34aac9b660f4ca71ed) Importer(815301076,1909f56bfc062723c751e8b465ee728b)
Start importing Assets/ThirdParty/Cube_World/Prefabs/Terrain/Bridge.prefab using Guid(1cabe50e01a5ba34aac9b660f4ca71ed) Importer(815301076,1909f56bfc062723c751e8b465ee728b)  -> (artifact id: '77804348bf904a4073495612943e1d94') in 0.014297 seconds
Internal: There are remaining Allocations on the JobTempAlloc. This is a leak, and will impact performance
To Debug, run app with -diag-job-temp-memory-leak-validation cmd line argument. This will output the callstacks of the leaked allocations.
Number of updated asset objects reloaded before import = 0
Number of asset objects unloaded after import = 9
========================================================================
Received Import Request.
  Time since last request: 1.664829 seconds.
  path: Assets/ThirdParty/Cube_World/Prefabs/Terrain/Cliff.prefab
  artifactKey: Guid(7ce8ff77132093f4da3f2d8cb0876ff4) Importer(815301076,1909f56bfc062723c751e8b465ee728b)
Start importing Assets/ThirdParty/Cube_World/Prefabs/Terrain/Cliff.prefab using Guid(7ce8ff77132093f4da3f2d8cb0876ff4) Importer(815301076,1909f56bfc062723c751e8b465ee728b)  -> (artifact id: 'cc5046740dbf1916294c5061dcf80029') in 0.011202 seconds
Internal: There are remaining Allocations on the JobTempAlloc. This is a leak, and will impact performance
To Debug, run app with -diag-job-temp-memory-leak-validation cmd line argument. This will output the callstacks of the leaked allocations.
Number of updated asset objects reloaded before import = 0
Number of asset objects unloaded after import = 9
========================================================================
Received Import Request.
  Time since last request: 0.908119 seconds.
  path: Assets/ThirdParty/Cube_World/Prefabs/Terrain/Dirt.prefab
  artifactKey: Guid(c291e80b4e3bd6940a732e6027a8d72b) Importer(815301076,1909f56bfc062723c751e8b465ee728b)
Start importing Assets/ThirdParty/Cube_World/Prefabs/Terrain/Dirt.prefab using Guid(c291e80b4e3bd6940a732e6027a8d72b) Importer(815301076,1909f56bfc062723c751e8b465ee728b)  -> (artifact id: 'df56971b2a5f4931cd02d6fd57879a56') in 0.010888 seconds
Internal: There are remaining Allocations on the JobTempAlloc. This is a leak, and will impact performance
To Debug, run app with -diag-job-temp-memory-leak-validation cmd line argument. This will output the callstacks of the leaked allocations.
Number of updated asset objects reloaded before import = 0
Number of asset objects unloaded after import = 9
========================================================================
Received Import Request.
  Time since last request: 2.239240 seconds.
  path: Assets/ThirdParty/Cube_World/Prefabs/Terrain/Grass_01.prefab
  artifactKey: Guid(872c16f7e1cc12b4793e2c3d414fa189) Importer(815301076,1909f56bfc062723c751e8b465ee728b)
Start importing Assets/ThirdParty/Cube_World/Prefabs/Terrain/Grass_01.prefab using Guid(872c16f7e1cc12b4793e2c3d414fa189) Importer(815301076,1909f56bfc062723c751e8b465ee728b)  -> (artifact id: '02ffe74757e012c8aadc201511b58d3c') in 0.086514 seconds
Internal: There are remaining Allocations on the JobTempAlloc. This is a leak, and will impact performance
To Debug, run app with -diag-job-temp-memory-leak-validation cmd line argument. This will output the callstacks of the leaked allocations.
Number of updated asset objects reloaded before import = 0
Number of asset objects unloaded after import = 9
========================================================================
Received Import Request.
  Time since last request: 1.753568 seconds.
  path: Assets/ThirdParty/Cube_World/Prefabs/Terrain/Grass_02.prefab
  artifactKey: Guid(d853c5ba406ab2449b57a72ebcf7e84b) Importer(815301076,1909f56bfc062723c751e8b465ee728b)
Start importing Assets/ThirdParty/Cube_World/Prefabs/Terrain/Grass_02.prefab using Guid(d853c5ba406ab2449b57a72ebcf7e84b) Importer(815301076,1909f56bfc062723c751e8b465ee728b)  -> (artifact id: 'b3dc3759e1686cd87f91291395166364') in 0.011502 seconds
Internal: There are remaining Allocations on the JobTempAlloc. This is a leak, and will impact performance
To Debug, run app with -diag-job-temp-memory-leak-validation cmd line argument. This will output the callstacks of the leaked allocations.
Number of updated asset objects reloaded before import = 0
Number of asset objects unloaded after import = 9
========================================================================
Received Import Request.
  Time since last request: 2.213250 seconds.
  path: Assets/ThirdParty/Cube_World/Prefabs/Terrain/Rock.prefab
  artifactKey: Guid(32f76d6f92327804aac5a09301211639) Importer(815301076,1909f56bfc062723c751e8b465ee728b)
Start importing Assets/ThirdParty/Cube_World/Prefabs/Terrain/Rock.prefab using Guid(32f76d6f92327804aac5a09301211639) Importer(815301076,1909f56bfc062723c751e8b465ee728b)  -> (artifact id: '16ffdfa8e793e8772a32666a696d1656') in 0.011204 seconds
Internal: There are remaining Allocations on the JobTempAlloc. This is a leak, and will impact performance
To Debug, run app with -diag-job-temp-memory-leak-validation cmd line argument. This will output the callstacks of the leaked allocations.
Number of updated asset objects reloaded before import = 0
Number of asset objects unloaded after import = 9
========================================================================
Received Import Request.
  Time since last request: 0.985861 seconds.
  path: Assets/ThirdParty/Cube_World/Prefabs/Terrain/Sand.prefab
  artifactKey: Guid(1029e45609b022b42995be807cce94bf) Importer(815301076,1909f56bfc062723c751e8b465ee728b)
Start importing Assets/ThirdParty/Cube_World/Prefabs/Terrain/Sand.prefab using Guid(1029e45609b022b42995be807cce94bf) Importer(815301076,1909f56bfc062723c751e8b465ee728b)  -> (artifact id: '20e04416f201d4960349d6634ee6869e') in 0.010838 seconds
Internal: There are remaining Allocations on the JobTempAlloc. This is a leak, and will impact performance
To Debug, run app with -diag-job-temp-memory-leak-validation cmd line argument. This will output the callstacks of the leaked allocations.
Number of updated asset objects reloaded before import = 0
Number of asset objects unloaded after import = 9
========================================================================
Received Import Request.
  Time since last request: 0.594762 seconds.
  path: Assets/ThirdParty/Cube_World/Prefabs/Terrain/Wood.prefab
  artifactKey: Guid(bf382bdae4dd23b428474523b2028c22) Importer(815301076,1909f56bfc062723c751e8b465ee728b)
Start importing Assets/ThirdParty/Cube_World/Prefabs/Terrain/Wood.prefab using Guid(bf382bdae4dd23b428474523b2028c22) Importer(815301076,1909f56bfc062723c751e8b465ee728b)  -> (artifact id: '16515dab06321328df03d4cd5a5d9bdc') in 0.011973 seconds
Internal: There are remaining Allocations on the JobTempAlloc. This is a leak, and will impact performance
To Debug, run app with -diag-job-temp-memory-leak-validation cmd line argument. This will output the callstacks of the leaked allocations.
Number of updated asset objects reloaded before import = 0
Number of asset objects unloaded after import = 9
========================================================================
Received Import Request.
  Time since last request: 346.478504 seconds.
  path: Assets/ThirdParty/Cube_World/Models
  artifactKey: Guid(59995730033883c4a9575563b6913ef5) Importer(815301076,1909f56bfc062723c751e8b465ee728b)
Start importing Assets/ThirdParty/Cube_World/Models using Guid(59995730033883c4a9575563b6913ef5) Importer(815301076,1909f56bfc062723c751e8b465ee728b)  -> (artifact id: 'c74ae7be8dde3d9915dfc88d570470c8') in 0.000740 seconds
Internal: There are remaining Allocations on the JobTempAlloc. This is a leak, and will impact performance
To Debug, run app with -diag-job-temp-memory-leak-validation cmd line argument. This will output the callstacks of the leaked allocations.
Number of updated asset objects reloaded before import = 0
Number of asset objects unloaded after import = 0
========================================================================
Received Import Request.
  Time since last request: 1.533023 seconds.
  path: Assets/ThirdParty/Cube_World/Models/Cube_Buildings.fbx
  artifactKey: Guid(f46bae364600ea44d876fdf16cf7628b) Importer(815301076,1909f56bfc062723c751e8b465ee728b)
Start importing Assets/ThirdParty/Cube_World/Models/Cube_Buildings.fbx using Guid(f46bae364600ea44d876fdf16cf7628b) Importer(815301076,1909f56bfc062723c751e8b465ee728b)  -> (artifact id: 'f7cbe42b480b757d8d6aad95a9390963') in 0.055467 seconds
Internal: There are remaining Allocations on the JobTempAlloc. This is a leak, and will impact performance
To Debug, run app with -diag-job-temp-memory-leak-validation cmd line argument. This will output the callstacks of the leaked allocations.
Number of updated asset objects reloaded before import = 0
Number of asset objects unloaded after import = 24
========================================================================
Received Import Request.
  Time since last request: 0.812864 seconds.
  path: Assets/ThirdParty/Cube_World/Models/Cube_Props.fbx
  artifactKey: Guid(fdf4ecd4e2eb6284fae0d2b753ec42b1) Importer(815301076,1909f56bfc062723c751e8b465ee728b)
Start importing Assets/ThirdParty/Cube_World/Models/Cube_Props.fbx using Guid(fdf4ecd4e2eb6284fae0d2b753ec42b1) Importer(815301076,1909f56bfc062723c751e8b465ee728b)  -> (artifact id: 'd0d3679a42862dabd5ec4dc3e5ef10df') in 0.046374 seconds
Internal: There are remaining Allocations on the JobTempAlloc. This is a leak, and will impact performance
To Debug, run app with -diag-job-temp-memory-leak-validation cmd line argument. This will output the callstacks of the leaked allocations.
Number of updated asset objects reloaded before import = 0
Number of asset objects unloaded after import = 29
========================================================================
Received Import Request.
  Time since last request: 0.625272 seconds.
  path: Assets/ThirdParty/Cube_World/Models/Terrain_Cubes.fbx
  artifactKey: Guid(1756dbd695eea5345bf74a83d3c1e523) Importer(815301076,1909f56bfc062723c751e8b465ee728b)
Start importing Assets/ThirdParty/Cube_World/Models/Terrain_Cubes.fbx using Guid(1756dbd695eea5345bf74a83d3c1e523) Importer(815301076,1909f56bfc062723c751e8b465ee728b)  -> (artifact id: '4713c164295eb68f6ad8df3990d46bee') in 0.057733 seconds
Internal: There are remaining Allocations on the JobTempAlloc. This is a leak, and will impact performance
To Debug, run app with -diag-job-temp-memory-leak-validation cmd line argument. This will output the callstacks of the leaked allocations.
Number of updated asset objects reloaded before import = 0
Number of asset objects unloaded after import = 44
========================================================================
Received Import Request.
  Time since last request: 388.013159 seconds.
  path: Assets/ThirdParty/Cube_World/Prefabs/Terrain/Grass_01.prefab
  artifactKey: Guid(872c16f7e1cc12b4793e2c3d414fa189) Importer(815301076,1909f56bfc062723c751e8b465ee728b)
Start importing Assets/ThirdParty/Cube_World/Prefabs/Terrain/Grass_01.prefab using Guid(872c16f7e1cc12b4793e2c3d414fa189) Importer(815301076,1909f56bfc062723c751e8b465ee728b)  -> (artifact id: 'b3d799a9ef8919dc929a15ed6ef58ece') in 0.016688 seconds
Internal: JobTempAlloc has allocations that are more than the maximum lifespan of 4 frames old - this is not allowed and likely a leak
To Debug, run app with -diag-job-temp-memory-leak-validation cmd line argument. This will output the callstacks of the leaked allocations.
Internal: There are remaining Allocations on the JobTempAlloc. This is a leak, and will impact performance
To Debug, run app with -diag-job-temp-memory-leak-validation cmd line argument. This will output the callstacks of the leaked allocations.
Number of updated asset objects reloaded before import = 0
Number of asset objects unloaded after import = 9
========================================================================
Received Import Request.
  Time since last request: 2.197482 seconds.
  path: Assets/ThirdParty/Cube_World/Prefabs/Terrain/Grass_02.prefab
  artifactKey: Guid(d853c5ba406ab2449b57a72ebcf7e84b) Importer(815301076,1909f56bfc062723c751e8b465ee728b)
Start importing Assets/ThirdParty/Cube_World/Prefabs/Terrain/Grass_02.prefab using Guid(d853c5ba406ab2449b57a72ebcf7e84b) Importer(815301076,1909f56bfc062723c751e8b465ee728b)  -> (artifact id: '8677b0ce24d8e3e3b70ebee8e35dd7e0') in 0.011774 seconds
Internal: There are remaining Allocations on the JobTempAlloc. This is a leak, and will impact performance
To Debug, run app with -diag-job-temp-memory-leak-validation cmd line argument. This will output the callstacks of the leaked allocations.
Number of updated asset objects reloaded before import = 0
Number of asset objects unloaded after import = 9
TcpMessagingSession - receive error
AssetImportWorkerClient::OnTransportError - code=10054 error=Eine vorhandene Verbindung wurde vom Remotehost geschlossen.
